#
# There is insufficient memory for the Java Runtime Environment to continue.
# Native memory allocation (mmap) failed to map 260046848 bytes. Error detail: G1 virtual space
# Possible reasons:
#   The system is out of physical RAM or swap space
#   This process is running with CompressedOops enabled, and the Java Heap may be blocking the growth of the native heap
# Possible solutions:
#   Reduce memory load on the system
#   Increase physical memory or swap space
#   Check if swap backing store is full
#   Decrease Java heap size (-Xmx/-Xms)
#   Decrease number of Java threads
#   Decrease Java thread stack sizes (-Xss)
#   Set larger code cache with -XX:ReservedCodeCacheSize=
#   JVM is running with Zero Based Compressed Oops mode in which the Java heap is
#     placed in the first 32GB address space. The Java Heap base address is the
#     maximum limit for the native heap growth. Please use -XX:HeapBaseMinAddress
#     to set the Java Heap base and to place the Java Heap above 32GB virtual address.
# This output file may be truncated or incomplete.
#
#  Out of Memory Error (os_windows.cpp:3631), pid=19164, tid=19176
#
# JRE version:  (22.0+36) (build )
# Java VM: OpenJDK 64-Bit Server VM (22+36-2370, mixed mode, sharing, tiered, compressed oops, compressed class ptrs, g1 gc, windows-amd64)
# No core dump will be written. Minidumps are not enabled by default on client versions of Windows
#

---------------  S U M M A R Y ------------

Command Line: -javaagent:F:\Program Files\JetBrains\IntelliJ IDEA Community Edition 2022.2.1\lib\idea_rt.jar=55902:F:\Program Files\JetBrains\IntelliJ IDEA Community Edition 2022.2.1\bin -Dfile.encoding=UTF-8 -Dsun.stdout.encoding=UTF-8 -Dsun.stderr.encoding=UTF-8 Runner

Host: AMD A10-8700P Radeon R6, 10 Compute Cores 4C+6G, 4 cores, 15G,  Windows 10 , 64 bit Build 19041 (10.0.19041.3636)
Time: Thu Jun  6 07:53:51 2024 RTZ 2 (s 10 , 64 bit Build 19041 (10.0.19041.3636) elapsed time: 0.243722 seconds (0d 0h 0m 0s)

---------------  T H R E A D  ---------------

Current thread (0x00000220ea187c40):  JavaThread "Unknown thread" [_thread_in_vm, id=19176, stack(0x00000052d3800000,0x00000052d3900000) (1024K)]

Stack: [0x00000052d3800000,0x00000052d3900000]
Native frames: (J=compiled Java code, j=interpreted, Vv=VM code, C=native code)
V  [jvm.dll+0x6e2349]  (no source info available)
V  [jvm.dll+0x874ed3]  (no source info available)
V  [jvm.dll+0x8772fe]  (no source info available)
V  [jvm.dll+0x8779d3]  (no source info available)
V  [jvm.dll+0x27fcb6]  (no source info available)
V  [jvm.dll+0x6de9e5]  (no source info available)
V  [jvm.dll+0x6d34ea]  (no source info available)
V  [jvm.dll+0x35892a]  (no source info available)
V  [jvm.dll+0x360e56]  (no source info available)
V  [jvm.dll+0x3b3d7e]  (no source info available)
V  [jvm.dll+0x3b4028]  (no source info available)
V  [jvm.dll+0x32c4ec]  (no source info available)
V  [jvm.dll+0x32d0a8]  (no source info available)
V  [jvm.dll+0x83cd9c]  (no source info available)
V  [jvm.dll+0x3c0cc1]  (no source info available)
V  [jvm.dll+0x825d8c]  (no source info available)
V  [jvm.dll+0x45b9ee]  (no source info available)
V  [jvm.dll+0x45d871]  (no source info available)
C  [jli.dll+0x52a3]  (no source info available)
C  [ucrtbase.dll+0x21bb2]  (no source info available)
C  [KERNEL32.DLL+0x17344]  (no source info available)
C  [ntdll.dll+0x526b1]  (no source info available)


---------------  P R O C E S S  ---------------

Threads class SMR info:
_java_thread_list=0x00007ffff7b4c1c8, length=0, elements={
}

Java Threads: ( => current thread )
Total: 0

Other Threads:
  0x00000220ec3714b0 WorkerThread "GC Thread#0"                     [id=9104, stack(0x00000052d3900000,0x00000052d3a00000) (1024K)]
  0x00000220ec3829a0 ConcurrentGCThread "G1 Main Marker"            [id=12752, stack(0x00000052d3a00000,0x00000052d3b00000) (1024K)]
  0x00000220ec383cc0 WorkerThread "G1 Conc#0"                       [id=14316, stack(0x00000052d3b00000,0x00000052d3c00000) (1024K)]

[error occurred during error reporting (printing all threads), id 0xc0000005, EXCEPTION_ACCESS_VIOLATION (0xc0000005) at pc=0x00007ffff729f2b7]
VM state: not at safepoint (not fully initialized)

VM Mutex/Monitor currently owned by a thread:  ([mutex/lock_event])
[0x00007ffff7bcccc8] Heap_lock - owner thread: 0x00000220ea187c40

Heap address: 0x0000000708c00000, size: 3956 MB, Compressed Oops mode: Zero based, Oop shift amount: 3

CDS archive(s) mapped at: [0x0000000000000000-0x0000000000000000-0x0000000000000000), size 0, SharedBaseAddress: 0x0000000800000000, ArchiveRelocationMode: 1.
Narrow klass base: 0x0000000000000000, Narrow klass shift: 0, Narrow klass range: 0x0

GC Precious Log:
 CardTable entry size: 512
 Card Set container configuration: InlinePtr #cards 4 size 8 Array Of Cards #cards 16 size 48 Howl #buckets 8 coarsen threshold 3686 Howl Bitmap #cards 512 size 80 coarsen threshold 460 Card regions per heap region 1 cards per card region 4096

Heap:
 garbage-first heap   total reserved 4050944K, committed 0K, used 0K [0x0000000708c00000, 0x0000000800000000)
  region size 2048K, 0 young (0K), 0 survivors (0K)

[error occurred during error reporting (printing heap information), id 0xc0000005, EXCEPTION_ACCESS_VIOLATION (0xc0000005) at pc=0x00007ffff769e4e9]
GC Heap History (0 events):
No events

Dll operation events (1 events):
Event: 0.105 Loaded shared library C:\Users\kicke\.jdks\openjdk-22\bin\java.dll

Deoptimization events (0 events):
No events

Classes loaded (0 events):
No events

Classes unloaded (0 events):
No events

Classes redefined (0 events):
No events

Internal exceptions (0 events):
No events

ZGC Phase Switch (0 events):
No events

VM Operations (0 events):
No events

Events (0 events):
No events


Dynamic libraries:
0x00007ff618940000 - 0x00007ff61894e000 	C:\Users\kicke\.jdks\openjdk-22\bin\java.exe
0x00007ff841490000 - 0x00007ff841688000 	C:\WINDOWS\SYSTEM32\ntdll.dll
0x00007ff840400000 - 0x00007ff8404bd000 	C:\WINDOWS\System32\KERNEL32.DLL
0x00007ff83f070000 - 0x00007ff83f366000 	C:\WINDOWS\System32\KERNELBASE.dll
0x00007ff83edf0000 - 0x00007ff83eef0000 	C:\WINDOWS\System32\ucrtbase.dll
0x00007ff838050000 - 0x00007ff83806b000 	C:\Users\kicke\.jdks\openjdk-22\bin\VCRUNTIME140.dll
0x00007ff8378a0000 - 0x00007ff8378b7000 	C:\Users\kicke\.jdks\openjdk-22\bin\jli.dll
0x00007ff83f7f0000 - 0x00007ff83f98f000 	C:\WINDOWS\System32\USER32.dll
0x00007ff83ef80000 - 0x00007ff83efa2000 	C:\WINDOWS\System32\win32u.dll
0x00007ff8405d0000 - 0x00007ff8405fb000 	C:\WINDOWS\System32\GDI32.dll
0x00007ff83ecd0000 - 0x00007ff83ede7000 	C:\WINDOWS\System32\gdi32full.dll
0x00007ff83f420000 - 0x00007ff83f4bd000 	C:\WINDOWS\System32\msvcp_win.dll
0x00007ff82e2f0000 - 0x00007ff82e58a000 	C:\WINDOWS\WinSxS\amd64_microsoft.windows.common-controls_6595b64144ccf1df_6.0.19041.4355_none_60b8b9eb71f62e16\COMCTL32.dll
0x00007ff840360000 - 0x00007ff8403fe000 	C:\WINDOWS\System32\msvcrt.dll
0x00007ff840320000 - 0x00007ff840352000 	C:\WINDOWS\System32\IMM32.DLL
0x0000000050020000 - 0x000000005002c000 	C:\Program Files (x86)\360\Total Security\safemon\SafeWrapper.dll
0x00007ff83fa50000 - 0x00007ff83fb00000 	C:\WINDOWS\System32\ADVAPI32.dll
0x00007ff841040000 - 0x00007ff8410e0000 	C:\WINDOWS\System32\sechost.dll
0x00007ff83f660000 - 0x00007ff83f783000 	C:\WINDOWS\System32\RPCRT4.dll
0x00007ff83eb40000 - 0x00007ff83eb67000 	C:\WINDOWS\System32\bcrypt.dll
0x00007ffff0c80000 - 0x00007ffff0d12000 	C:\Program Files (x86)\360\Total Security\safemon\libzdtp64.dll
0x00007ff840700000 - 0x00007ff840e6b000 	C:\WINDOWS\System32\SHELL32.dll
0x00007ff840570000 - 0x00007ff8405c5000 	C:\WINDOWS\System32\SHLWAPI.dll
0x00007ff83e5c0000 - 0x00007ff83e5ca000 	C:\WINDOWS\SYSTEM32\VERSION.dll
0x00007ff8392f0000 - 0x00007ff8392fc000 	C:\Users\kicke\.jdks\openjdk-22\bin\vcruntime140_1.dll
0x00007ff825640000 - 0x00007ff8256ce000 	C:\Users\kicke\.jdks\openjdk-22\bin\msvcp140.dll
0x00007ffff6f60000 - 0x00007ffff7ca8000 	C:\Users\kicke\.jdks\openjdk-22\bin\server\jvm.dll
0x00007ff840fb0000 - 0x00007ff84101b000 	C:\WINDOWS\System32\WS2_32.dll
0x00007ff83e990000 - 0x00007ff83e9db000 	C:\WINDOWS\SYSTEM32\POWRPROF.dll
0x00007ff82fc40000 - 0x00007ff82fc67000 	C:\WINDOWS\SYSTEM32\WINMM.dll
0x00007ff83e970000 - 0x00007ff83e982000 	C:\WINDOWS\SYSTEM32\UMPDC.dll
0x00007ff83c950000 - 0x00007ff83c962000 	C:\WINDOWS\SYSTEM32\kernel.appcore.dll
0x00007ff839100000 - 0x00007ff83910a000 	C:\Users\kicke\.jdks\openjdk-22\bin\jimage.dll
0x00007ff8360f0000 - 0x00007ff8362d4000 	C:\WINDOWS\SYSTEM32\DBGHELP.DLL
0x00007ff835220000 - 0x00007ff835254000 	C:\WINDOWS\SYSTEM32\dbgcore.DLL
0x00007ff83eef0000 - 0x00007ff83ef72000 	C:\WINDOWS\System32\bcryptPrimitives.dll
0x00007ff838e90000 - 0x00007ff838e9f000 	C:\Users\kicke\.jdks\openjdk-22\bin\instrument.dll
0x00007ff8384c0000 - 0x00007ff8384de000 	C:\Users\kicke\.jdks\openjdk-22\bin\java.dll
0x00007ff8401f0000 - 0x00007ff84031b000 	C:\WINDOWS\System32\ole32.dll
0x00007ff8410e0000 - 0x00007ff841433000 	C:\WINDOWS\System32\combase.dll

dbghelp: loaded successfully - version: 4.0.5 - missing functions: none
symbol engine: initialized successfully - sym options: 0x614 - pdb path: .;C:\Users\kicke\.jdks\openjdk-22\bin;C:\WINDOWS\SYSTEM32;C:\WINDOWS\WinSxS\amd64_microsoft.windows.common-controls_6595b64144ccf1df_6.0.19041.4355_none_60b8b9eb71f62e16;C:\Program Files (x86)\360\Total Security\safemon;C:\Users\kicke\.jdks\openjdk-22\bin\server

VM Arguments:
jvm_args: -javaagent:F:\Program Files\JetBrains\IntelliJ IDEA Community Edition 2022.2.1\lib\idea_rt.jar=55902:F:\Program Files\JetBrains\IntelliJ IDEA Community Edition 2022.2.1\bin -Dfile.encoding=UTF-8 -Dsun.stdout.encoding=UTF-8 -Dsun.stderr.encoding=UTF-8 
java_command: Runner
java_class_path (initial): F:\курс разработчик\курс java\Traffic-light\out\production\Swing traffic light
Launcher Type: SUN_STANDARD

[Global flags]
     intx CICompilerCount                          = 3                                         {product} {ergonomic}
     uint ConcGCThreads                            = 1                                         {product} {ergonomic}
     uint G1ConcRefinementThreads                  = 4                                         {product} {ergonomic}
   size_t G1HeapRegionSize                         = 2097152                                   {product} {ergonomic}
   size_t InitialHeapSize                          = 260046848                                 {product} {ergonomic}
   size_t MarkStackSize                            = 4194304                                   {product} {ergonomic}
   size_t MaxHeapSize                              = 4148166656                                {product} {ergonomic}
   size_t MinHeapDeltaBytes                        = 2097152                                   {product} {ergonomic}
   size_t MinHeapSize                              = 8388608                                   {product} {ergonomic}
    uintx NonNMethodCodeHeapSize                   = 5832780                                {pd product} {ergonomic}
    uintx NonProfiledCodeHeapSize                  = 122912730                              {pd product} {ergonomic}
    uintx ProfiledCodeHeapSize                     = 122912730                              {pd product} {ergonomic}
    uintx ReservedCodeCacheSize                    = 251658240                              {pd product} {ergonomic}
     bool SegmentedCodeCache                       = true                                      {product} {ergonomic}
   size_t SoftMaxHeapSize                          = 4148166656                             {manageable} {ergonomic}
     bool UseCompressedOops                        = true                           {product lp64_product} {ergonomic}
     bool UseG1GC                                  = true                                      {product} {ergonomic}
     bool UseLargePagesIndividualAllocation        = false                                  {pd product} {ergonomic}

Logging:
Log output configuration:
 #0: stdout all=warning uptime,level,tags foldmultilines=false
 #1: stderr all=off uptime,level,tags foldmultilines=false

Environment Variables:
PATH=C:\Program Files\Common Files\Oracle\Java\javapath;C:\Program Files\Microsoft\jdk-11.0.12.7-hotspot\bin;C:\Program Files (x86)\Common Files\Oracle\Java\javapath;C:\WINDOWS\system32;C:\WINDOWS;C:\WINDOWS\System32\Wbem;C:\WINDOWS\System32\WindowsPowerShell\v1.0\;C:\WINDOWS\System32\OpenSSH\;C:\Program Files\EmEditor;C:\Program Files\7-Zip;D:\Program Files\Git\cmd;C:\Program Files\Microsoft SQL Server\130\Tools\Binn\;C:\Program Files\Microsoft SQL Server\150\Tools\Binn\;C:\Program Files\Microsoft SQL Server\Client SDK\ODBC\170\Tools\Binn\;C:\Program Files\dotnet\;C:\Users\kicke\AppData\Local\Programs\Python\Python310\Scripts\;C:\Users\kicke\AppData\Local\Programs\Python\Python310\;C:\Users\kicke\AppData\Local\Microsoft\WindowsApps;;D:\Users\kicke\AppData\Local\Programs\Microsoft VS Code\bin;C:\Users\kicke\.dotnet\tools;F:\Program Files\JetBrains\IntelliJ IDEA Community Edition 2022.2.1\bin;
USERNAME=kicke
OS=Windows_NT
PROCESSOR_IDENTIFIER=AMD64 Family 21 Model 96 Stepping 1, AuthenticAMD
TMP=C:\Users\kicke\AppData\Local\Temp
TEMP=C:\Users\kicke\AppData\Local\Temp




Periodic native trim disabled

---------------  S Y S T E M  ---------------

OS:
 Windows 10 , 64 bit Build 19041 (10.0.19041.3636)
OS uptime: 7 days 19:32 hours

CPU: total 4 (initial active 4) (4 cores per cpu, 1 threads per core) family 21 model 96 stepping 1 microcode 0x0, cx8, cmov, fxsr, mmx, 3dnowpref, sse, sse2, sse3, ssse3, sse4a, sse4.1, sse4.2, popcnt, lzcnt, tsc, tscinvbit, avx, avx2, aes, clmul, bmi1, bmi2, fma, vzeroupper, clflush, rdtscp, f16c
Processor Information for all 4 processors :
  Max Mhz: 1800, Current Mhz: 1800, Mhz Limit: 1800

Memory: 4k page, system-wide physical 15816M (1894M free)
TotalPageFile size 21960M (AvailPageFile size 235M)
current process WorkingSet (physical memory assigned to process): 12M, peak: 12M
current process commit charge ("private bytes"): 52M, peak: 300M

vm_info: OpenJDK 64-Bit Server VM (22+36-2370) for windows-amd64 JRE (22+36-2370), built on 2024-02-15T22:15:19Z by "mach5one" with MS VC++ 17.6 (VS2022)

END.
